# JRE version: Java(TM) SE Runtime Environment (8.0_45-b15) (build 1.8.0_45-b15)
# Java VM: Java HotSpot(TM) 64-Bit Server VM (25.45-b02 mixed mode windows-amd64 compressed oops)
Heap:
 PSYoungGen      total 209408K, used 71308K [0x00000000d5800000, 0x00000000e3900000, 0x0000000100000000)
  eden space 195584K, 36% used [0x00000000d5800000,0x00000000d9da3388,0x00000000e1700000)
  from space 13824K, 0% used [0x00000000e2780000,0x00000000e2780000,0x00000000e3500000)
  to   space 16896K, 0% used [0x00000000e1700000,0x00000000e1700000,0x00000000e2780000)
 ParOldGen       total 112128K, used 26323K [0x0000000080800000, 0x0000000087580000, 0x00000000d5800000)
  object space 112128K, 23% used [0x0000000080800000,0x00000000821b4ce0,0x0000000087580000)
 Metaspace       used 38324K, capacity 38758K, committed 39080K, reserved 1083392K
  class space    used 4660K, capacity 4760K, committed 4784K, reserved 1048576K
GC Heap History (10 events):
Event: 2.030 GC heap before
{Heap before GC invocations=4 (full 0):
 PSYoungGen      total 71680K, used 58233K [0x00000000d5800000, 0x00000000de400000, 0x0000000100000000)
  eden space 66560K, 79% used [0x00000000d5800000,0x00000000d8be2400,0x00000000d9900000)
  from space 5120K, 99% used [0x00000000d9900000,0x00000000d9dfc010,0x00000000d9e00000)
  to   space 5120K, 0% used [0x00000000ddf00000,0x00000000ddf00000,0x00000000de400000)
 ParOldGen       total 87552K, used 13913K [0x0000000080800000, 0x0000000085d80000, 0x00000000d5800000)
  object space 87552K, 15% used [0x0000000080800000,0x0000000081596788,0x0000000085d80000)
 Metaspace       used 21010K, capacity 21224K, committed 21296K, reserved 1069056K
  class space    used 2539K, capacity 2585K, committed 2608K, reserved 1048576K
Event: 2.040 GC heap after
Heap after GC invocations=4 (full 0):
 PSYoungGen      total 138240K, used 5104K [0x00000000d5800000, 0x00000000de400000, 0x0000000100000000)
  eden space 133120K, 0% used [0x00000000d5800000,0x00000000d5800000,0x00000000dda00000)
  from space 5120K, 99% used [0x00000000ddf00000,0x00000000de3fc030,0x00000000de400000)
  to   space 5120K, 0% used [0x00000000dda00000,0x00000000dda00000,0x00000000ddf00000)
 ParOldGen       total 87552K, used 17501K [0x0000000080800000, 0x0000000085d80000, 0x00000000d5800000)
  object space 87552K, 19% used [0x0000000080800000,0x00000000819174d8,0x0000000085d80000)
 Metaspace       used 21010K, capacity 21224K, committed 21296K, reserved 1069056K
  class space    used 2539K, capacity 2585K, committed 2608K, reserved 1048576K
}
Event: 2.040 GC heap before
{Heap before GC invocations=5 (full 1):
 PSYoungGen      total 138240K, used 5104K [0x00000000d5800000, 0x00000000de400000, 0x0000000100000000)
  eden space 133120K, 0% used [0x00000000d5800000,0x00000000d5800000,0x00000000dda00000)
  from space 5120K, 99% used [0x00000000ddf00000,0x00000000de3fc030,0x00000000de400000)
  to   space 5120K, 0% used [0x00000000dda00000,0x00000000dda00000,0x00000000ddf00000)
 ParOldGen       total 87552K, used 17501K [0x0000000080800000, 0x0000000085d80000, 0x00000000d5800000)
  object space 87552K, 19% used [0x0000000080800000,0x00000000819174d8,0x0000000085d80000)
 Metaspace       used 21010K, capacity 21224K, committed 21296K, reserved 1069056K
  class space    used 2539K, capacity 2585K, committed 2608K, reserved 1048576K
Event: 2.085 GC heap after
Heap after GC invocations=5 (full 1):
 PSYoungGen      total 138240K, used 0K [0x00000000d5800000, 0x00000000de400000, 0x0000000100000000)
  eden space 133120K, 0% used [0x00000000d5800000,0x00000000d5800000,0x00000000dda00000)
  from space 5120K, 0% used [0x00000000ddf00000,0x00000000ddf00000,0x00000000de400000)
  to   space 5120K, 0% used [0x00000000dda00000,0x00000000dda00000,0x00000000ddf00000)
 ParOldGen       total 72704K, used 15406K [0x0000000080800000, 0x0000000084f00000, 0x00000000d5800000)
  object space 72704K, 21% used [0x0000000080800000,0x000000008170bad8,0x0000000084f00000)
 Metaspace       used 21010K, capacity 21224K, committed 21296K, reserved 1069056K
  class space    used 2539K, capacity 2585K, committed 2608K, reserved 1048576K
}
Event: 3.644 GC heap before
{Heap before GC invocations=6 (full 1):
 PSYoungGen      total 138240K, used 133120K [0x00000000d5800000, 0x00000000de400000, 0x0000000100000000)
  eden space 133120K, 100% used [0x00000000d5800000,0x00000000dda00000,0x00000000dda00000)
  from space 5120K, 0% used [0x00000000ddf00000,0x00000000ddf00000,0x00000000de400000)
  to   space 5120K, 0% used [0x00000000dda00000,0x00000000dda00000,0x00000000ddf00000)
 ParOldGen       total 72704K, used 15406K [0x0000000080800000, 0x0000000084f00000, 0x00000000d5800000)
  object space 72704K, 21% used [0x0000000080800000,0x000000008170bad8,0x0000000084f00000)
 Metaspace       used 28880K, capacity 29192K, committed 29488K, reserved 1075200K
  class space    used 3486K, capacity 3561K, committed 3632K, reserved 1048576K
Event: 3.658 GC heap after
Heap after GC invocations=6 (full 1):
 PSYoungGen      total 138240K, used 5104K [0x00000000d5800000, 0x00000000e3500000, 0x0000000100000000)
  eden space 133120K, 0% used [0x00000000d5800000,0x00000000d5800000,0x00000000dda00000)
  from space 5120K, 99% used [0x00000000dda00000,0x00000000ddefc240,0x00000000ddf00000)
  to   space 13824K, 0% used [0x00000000e2780000,0x00000000e2780000,0x00000000e3500000)
 ParOldGen       total 72704K, used 21922K [0x0000000080800000, 0x0000000084f00000, 0x00000000d5800000)
  object space 72704K, 30% used [0x0000000080800000,0x0000000081d688b0,0x0000000084f00000)
 Metaspace       used 28880K, capacity 29192K, committed 29488K, reserved 1075200K
  class space    used 3486K, capacity 3561K, committed 3632K, reserved 1048576K
}
Event: 4.834 GC heap before
{Heap before GC invocations=7 (full 1):
 PSYoungGen      total 138240K, used 105966K [0x00000000d5800000, 0x00000000e3500000, 0x0000000100000000)
  eden space 133120K, 75% used [0x00000000d5800000,0x00000000dba7f708,0x00000000dda00000)
  from space 5120K, 99% used [0x00000000dda00000,0x00000000ddefc240,0x00000000ddf00000)
  to   space 13824K, 0% used [0x00000000e2780000,0x00000000e2780000,0x00000000e3500000)
 ParOldGen       total 72704K, used 21922K [0x0000000080800000, 0x0000000084f00000, 0x00000000d5800000)
  object space 72704K, 30% used [0x0000000080800000,0x0000000081d688b0,0x0000000084f00000)
 Metaspace       used 34717K, capacity 35076K, committed 35496K, reserved 1081344K
  class space    used 4149K, capacity 4241K, committed 4272K, reserved 1048576K
Event: 4.853 GC heap after
Heap after GC invocations=7 (full 1):
 PSYoungGen      total 209408K, used 13815K [0x00000000d5800000, 0x00000000e3900000, 0x0000000100000000)
  eden space 195584K, 0% used [0x00000000d5800000,0x00000000d5800000,0x00000000e1700000)
  from space 13824K, 99% used [0x00000000e2780000,0x00000000e34fdd68,0x00000000e3500000)
  to   space 16896K, 0% used [0x00000000e1700000,0x00000000e1700000,0x00000000e2780000)
 ParOldGen       total 72704K, used 23858K [0x0000000080800000, 0x0000000084f00000, 0x00000000d5800000)
  object space 72704K, 32% used [0x0000000080800000,0x0000000081f4ca70,0x0000000084f00000)
 Metaspace       used 34717K, capacity 35076K, committed 35496K, reserved 1081344K
  class space    used 4149K, capacity 4241K, committed 4272K, reserved 1048576K
}
Event: 4.853 GC heap before
{Heap before GC invocations=8 (full 2):
 PSYoungGen      total 209408K, used 13815K [0x00000000d5800000, 0x00000000e3900000, 0x0000000100000000)
  eden space 195584K, 0% used [0x00000000d5800000,0x00000000d5800000,0x00000000e1700000)
  from space 13824K, 99% used [0x00000000e2780000,0x00000000e34fdd68,0x00000000e3500000)
  to   space 16896K, 0% used [0x00000000e1700000,0x00000000e1700000,0x00000000e2780000)
 ParOldGen       total 72704K, used 23858K [0x0000000080800000, 0x0000000084f00000, 0x00000000d5800000)
  object space 72704K, 32% used [0x0000000080800000,0x0000000081f4ca70,0x0000000084f00000)
 Metaspace       used 34717K, capacity 35076K, committed 35496K, reserved 1081344K
  class space    used 4149K, capacity 4241K, committed 4272K, reserved 1048576K
Event: 4.935 GC heap after
Heap after GC invocations=8 (full 2):
 PSYoungGen      total 209408K, used 0K [0x00000000d5800000, 0x00000000e3900000, 0x0000000100000000)
  eden space 195584K, 0% used [0x00000000d5800000,0x00000000d5800000,0x00000000e1700000)
  from space 13824K, 0% used [0x00000000e2780000,0x00000000e2780000,0x00000000e3500000)
  to   space 16896K, 0% used [0x00000000e1700000,0x00000000e1700000,0x00000000e2780000)
 ParOldGen       total 112128K, used 26323K [0x0000000080800000, 0x0000000087580000, 0x00000000d5800000)
  object space 112128K, 23% used [0x0000000080800000,0x00000000821b4ce0,0x0000000087580000)
 Metaspace       used 34717K, capacity 35076K, committed 35496K, reserved 1081344K
  class space    used 4149K, capacity 4241K, committed 4272K, reserved 1048576K
}

